<?xml version="1.0" encoding="UTF-8"?>
<testsuite name="Academy Choucair" tests="1" skipped="0" failures="0" errors="0" timestamp="2021-11-21T08:01:49" hostname="luispc" time="60.348">
  <properties/>
  <testcase name="Buscar un curso en automatico" classname="Academy Choucair" time="60.348"/>
  <system-out><![CDATA[El valor de la var. ES: Certified Data & Analytics Tester (CDAT)
El valor de la var. *question* : Certified Data & Analytics Tester (CDAT)
]]></system-out>
  <system-err><![CDATA[[Test worker] WARN net.thucydides.core.steps.BaseStepListener - stepStarted: net.thucydides.core.steps.ExecutedStepDescription@56831c5f
[Test worker] WARN net.thucydides.core.steps.BaseStepListener - stepStarted: net.thucydides.core.steps.ExecutedStepDescription@99cdb92
[Test worker] WARN net.thucydides.core.steps.BaseStepListener - stepStarted: net.thucydides.core.steps.ExecutedStepDescription@4d71e3d
nov 21, 2021 3:01:53 AM org.openqa.selenium.remote.DesiredCapabilities chrome
INFORMACIÓN: Using `new ChromeOptions()` is preferred to `DesiredCapabilities.chrome()`
[Test worker] INFO net.serenitybdd.core.webdriver.driverproviders.ProvideNewDriver - Instantiating driver
[Test worker] INFO net.serenitybdd.core.webdriver.driverproviders.ProvideNewDriver - Driver capabilities: Capabilities {acceptInsecureCerts: false, browserName: chrome, chrome.switches: --start-maximized, goog:chromeOptions: {args: [--start-maximized], extensions: []}, loggingPrefs: org.openqa.selenium.logging..., platform: ANY, version: }
Starting ChromeDriver 96.0.4664.45 (76e4c1bb2ab4671b8beba3444e61c0f17584b2fc-refs/branch-heads/4664@{#947}) on port 5384
Only local connections are allowed.
Please see https://chromedriver.chromium.org/security-considerations for suggestions on keeping ChromeDriver safe.
ChromeDriver was started successfully.
nov 21, 2021 3:02:09 AM org.openqa.selenium.remote.ProtocolHandshake createSession
INFORMACIÓN: Detected dialect: W3C
[Test worker] WARN net.thucydides.core.steps.BaseStepListener - stepFinished: current outcome:Buscar un curso en automatico:Given que Brandon quiere aprender automatizacion en la academia Choucair [Brandon open up [Brandon opens the Choucair academy page]]
[Test worker] WARN net.thucydides.core.steps.BaseStepListener - stepFinished: current outcome:Buscar un curso en automatico:Given que Brandon quiere aprender automatizacion en la academia Choucair [Brandon open up [Brandon opens the Choucair academy page]]
[Test worker] WARN net.thucydides.core.steps.BaseStepListener - stepStarted: net.thucydides.core.steps.ExecutedStepDescription@53415231
[Test worker] WARN net.thucydides.core.steps.BaseStepListener - stepStarted: net.thucydides.core.steps.ExecutedStepDescription@17df5306
[Test worker] WARN net.thucydides.core.steps.BaseStepListener - stepFinished: current outcome:Buscar un curso en automatico:Given que Brandon quiere aprender automatizacion en la academia Choucair [Brandon open up [Brandon opens the Choucair academy page], Brandon login [Brandon clicks on boton que nos muestra el formulario para iniciar sesion]]
[Test worker] WARN net.thucydides.core.steps.BaseStepListener - stepStarted: net.thucydides.core.steps.ExecutedStepDescription@6d190d9d
[Test worker] WARN net.thucydides.core.steps.BaseStepListener - stepFinished: current outcome:Buscar un curso en automatico:Given que Brandon quiere aprender automatizacion en la academia Choucair [Brandon open up [Brandon opens the Choucair academy page], Brandon login [Brandon clicks on boton que nos muestra el formulario para iniciar sesion, Brandon enters '1066751789' into donde escribimos el usuario]]
[Test worker] WARN net.thucydides.core.steps.BaseStepListener - stepStarted: net.thucydides.core.steps.ExecutedStepDescription@26087e17
[Test worker] WARN net.thucydides.core.steps.BaseStepListener - stepFinished: current outcome:Buscar un curso en automatico:Given que Brandon quiere aprender automatizacion en la academia Choucair [Brandon open up [Brandon opens the Choucair academy page], Brandon login [Brandon clicks on boton que nos muestra el formulario para iniciar sesion, Brandon enters '1066751789' into donde escribimos el usuario, Brandon enters 'Choucair2021*' into donde escribimos la contraseÃ±a]]
[Test worker] WARN net.thucydides.core.steps.BaseStepListener - stepStarted: net.thucydides.core.steps.ExecutedStepDescription@1617a682
[Test worker] WARN net.thucydides.core.steps.BaseStepListener - stepFinished: current outcome:Buscar un curso en automatico:Given que Brandon quiere aprender automatizacion en la academia Choucair [Brandon open up [Brandon opens the Choucair academy page], Brandon login [Brandon clicks on boton que nos muestra el formulario para iniciar sesion, Brandon enters '1066751789' into donde escribimos el usuario, Brandon enters 'Choucair2021*' into donde escribimos la contraseÃ±a, Brandon clicks on boton confirmar login]]
[Test worker] WARN net.thucydides.core.steps.BaseStepListener - stepFinished: current outcome:Buscar un curso en automatico:Given que Brandon quiere aprender automatizacion en la academia Choucair [Brandon open up [Brandon opens the Choucair academy page], Brandon login [Brandon clicks on boton que nos muestra el formulario para iniciar sesion, Brandon enters '1066751789' into donde escribimos el usuario, Brandon enters 'Choucair2021*' into donde escribimos la contraseÃ±a, Brandon clicks on boton confirmar login]]
[Test worker] WARN net.thucydides.core.steps.BaseStepListener - stepFinished: current outcome:Buscar un curso en automatico:Given que Brandon quiere aprender automatizacion en la academia Choucair [Brandon open up [Brandon opens the Choucair academy page], Brandon login [Brandon clicks on boton que nos muestra el formulario para iniciar sesion, Brandon enters '1066751789' into donde escribimos el usuario, Brandon enters 'Choucair2021*' into donde escribimos la contraseÃ±a, Brandon clicks on boton confirmar login]]
[Test worker] WARN net.thucydides.core.steps.BaseStepListener - stepStarted: net.thucydides.core.steps.ExecutedStepDescription@2b3326bf
[Test worker] WARN net.thucydides.core.steps.BaseStepListener - stepStarted: net.thucydides.core.steps.ExecutedStepDescription@7a3e45d9
[Test worker] WARN net.thucydides.core.steps.BaseStepListener - stepStarted: net.thucydides.core.steps.ExecutedStepDescription@6d722ace
[Test worker] WARN net.thucydides.core.steps.BaseStepListener - stepFinished: current outcome:Buscar un curso en automatico:Given que Brandon quiere aprender automatizacion en la academia Choucair [Brandon open up [Brandon opens the Choucair academy page], Brandon login [Brandon clicks on boton que nos muestra el formulario para iniciar sesion, Brandon enters '1066751789' into donde escribimos el usuario, Brandon enters 'Choucair2021*' into donde escribimos la contraseÃ±a, Brandon clicks on boton confirmar login]], When una busqueda del curso Certified Data & Analytics Tester (CDAT) en la plataforma de la academia choucair [Brandon search [Brandon clicks on Selecciona certificaciones]]
[Test worker] WARN net.thucydides.core.steps.BaseStepListener - stepStarted: net.thucydides.core.steps.ExecutedStepDescription@6a34aa0e
[Test worker] WARN net.thucydides.core.steps.BaseStepListener - stepFinished: current outcome:Buscar un curso en automatico:Given que Brandon quiere aprender automatizacion en la academia Choucair [Brandon open up [Brandon opens the Choucair academy page], Brandon login [Brandon clicks on boton que nos muestra el formulario para iniciar sesion, Brandon enters '1066751789' into donde escribimos el usuario, Brandon enters 'Choucair2021*' into donde escribimos la contraseÃ±a, Brandon clicks on boton confirmar login]], When una busqueda del curso Certified Data & Analytics Tester (CDAT) en la plataforma de la academia choucair [Brandon search [Brandon clicks on Selecciona certificaciones, Brandon enters 'Certified Data & Analytics Tester (CDAT)' into Buscar el curso]]
[Test worker] WARN net.thucydides.core.steps.BaseStepListener - stepStarted: net.thucydides.core.steps.ExecutedStepDescription@14e425c6
[Test worker] WARN net.thucydides.core.steps.BaseStepListener - stepFinished: current outcome:Buscar un curso en automatico:Given que Brandon quiere aprender automatizacion en la academia Choucair [Brandon open up [Brandon opens the Choucair academy page], Brandon login [Brandon clicks on boton que nos muestra el formulario para iniciar sesion, Brandon enters '1066751789' into donde escribimos el usuario, Brandon enters 'Choucair2021*' into donde escribimos la contraseÃ±a, Brandon clicks on boton confirmar login]], When una busqueda del curso Certified Data & Analytics Tester (CDAT) en la plataforma de la academia choucair [Brandon search [Brandon clicks on Selecciona certificaciones, Brandon enters 'Certified Data & Analytics Tester (CDAT)' into Buscar el curso, Brandon clicks on Click para buscar el curso]]
[Test worker] WARN net.thucydides.core.steps.BaseStepListener - stepStarted: net.thucydides.core.steps.ExecutedStepDescription@67867466
[Test worker] WARN net.thucydides.core.steps.BaseStepListener - stepFinished: current outcome:Buscar un curso en automatico:Given que Brandon quiere aprender automatizacion en la academia Choucair [Brandon open up [Brandon opens the Choucair academy page], Brandon login [Brandon clicks on boton que nos muestra el formulario para iniciar sesion, Brandon enters '1066751789' into donde escribimos el usuario, Brandon enters 'Choucair2021*' into donde escribimos la contraseÃ±a, Brandon clicks on boton confirmar login]], When una busqueda del curso Certified Data & Analytics Tester (CDAT) en la plataforma de la academia choucair [Brandon search [Brandon clicks on Selecciona certificaciones, Brandon enters 'Certified Data & Analytics Tester (CDAT)' into Buscar el curso, Brandon clicks on Click para buscar el curso, Brandon clicks on busca entre los resultados]]
[Test worker] WARN net.thucydides.core.steps.BaseStepListener - stepFinished: current outcome:Buscar un curso en automatico:Given que Brandon quiere aprender automatizacion en la academia Choucair [Brandon open up [Brandon opens the Choucair academy page], Brandon login [Brandon clicks on boton que nos muestra el formulario para iniciar sesion, Brandon enters '1066751789' into donde escribimos el usuario, Brandon enters 'Choucair2021*' into donde escribimos la contraseÃ±a, Brandon clicks on boton confirmar login]], When una busqueda del curso Certified Data & Analytics Tester (CDAT) en la plataforma de la academia choucair [Brandon search [Brandon clicks on Selecciona certificaciones, Brandon enters 'Certified Data & Analytics Tester (CDAT)' into Buscar el curso, Brandon clicks on Click para buscar el curso, Brandon clicks on busca entre los resultados]]
[Test worker] WARN net.thucydides.core.steps.BaseStepListener - stepFinished: current outcome:Buscar un curso en automatico:Given que Brandon quiere aprender automatizacion en la academia Choucair [Brandon open up [Brandon opens the Choucair academy page], Brandon login [Brandon clicks on boton que nos muestra el formulario para iniciar sesion, Brandon enters '1066751789' into donde escribimos el usuario, Brandon enters 'Choucair2021*' into donde escribimos la contraseÃ±a, Brandon clicks on boton confirmar login]], When una busqueda del curso Certified Data & Analytics Tester (CDAT) en la plataforma de la academia choucair [Brandon search [Brandon clicks on Selecciona certificaciones, Brandon enters 'Certified Data & Analytics Tester (CDAT)' into Buscar el curso, Brandon clicks on Click para buscar el curso, Brandon clicks on busca entre los resultados]]
[Test worker] WARN net.thucydides.core.steps.BaseStepListener - stepStarted: net.thucydides.core.steps.ExecutedStepDescription@2f56f60f
[Test worker] WARN net.thucydides.core.steps.BaseStepListener - stepStarted: net.thucydides.core.steps.ExecutedStepDescription@115ecbc3
[Test worker] WARN net.thucydides.core.steps.BaseStepListener - stepFinished: current outcome:Buscar un curso en automatico:Given que Brandon quiere aprender automatizacion en la academia Choucair [Brandon open up [Brandon opens the Choucair academy page], Brandon login [Brandon clicks on boton que nos muestra el formulario para iniciar sesion, Brandon enters '1066751789' into donde escribimos el usuario, Brandon enters 'Choucair2021*' into donde escribimos la contraseÃ±a, Brandon clicks on boton confirmar login]], When una busqueda del curso Certified Data & Analytics Tester (CDAT) en la plataforma de la academia choucair [Brandon search [Brandon clicks on Selecciona certificaciones, Brandon enters 'Certified Data & Analytics Tester (CDAT)' into Buscar el curso, Brandon clicks on Click para buscar el curso, Brandon clicks on busca entre los resultados]], Then encuentra el curso llamado Certified Data & Analytics Tester (CDAT) [Then answer]
[Test worker] WARN net.thucydides.core.steps.BaseStepListener - stepFinished: current outcome:Buscar un curso en automatico:Given que Brandon quiere aprender automatizacion en la academia Choucair [Brandon open up [Brandon opens the Choucair academy page], Brandon login [Brandon clicks on boton que nos muestra el formulario para iniciar sesion, Brandon enters '1066751789' into donde escribimos el usuario, Brandon enters 'Choucair2021*' into donde escribimos la contraseÃ±a, Brandon clicks on boton confirmar login]], When una busqueda del curso Certified Data & Analytics Tester (CDAT) en la plataforma de la academia choucair [Brandon search [Brandon clicks on Selecciona certificaciones, Brandon enters 'Certified Data & Analytics Tester (CDAT)' into Buscar el curso, Brandon clicks on Click para buscar el curso, Brandon clicks on busca entre los resultados]], Then encuentra el curso llamado Certified Data & Analytics Tester (CDAT) [Then answer]
[Test worker] WARN net.thucydides.core.steps.BaseStepListener - testFinished: Buscar un curso en automatico:Given que Brandon quiere aprender automatizacion en la academia Choucair [Brandon open up [Brandon opens the Choucair academy page], Brandon login [Brandon clicks on boton que nos muestra el formulario para iniciar sesion, Brandon enters '1066751789' into donde escribimos el usuario, Brandon enters 'Choucair2021*' into donde escribimos la contraseÃ±a, Brandon clicks on boton confirmar login]], When una busqueda del curso Certified Data & Analytics Tester (CDAT) en la plataforma de la academia choucair [Brandon search [Brandon clicks on Selecciona certificaciones, Brandon enters 'Certified Data & Analytics Tester (CDAT)' into Buscar el curso, Brandon clicks on Click para buscar el curso, Brandon clicks on busca entre los resultados]], Then encuentra el curso llamado Certified Data & Analytics Tester (CDAT) [Then answer]
[Test worker] WARN net.thucydides.core.steps.BaseStepListener - TestOutcomes: [Buscar un curso en automatico:Given que Brandon quiere aprender automatizacion en la academia Choucair [Brandon open up [Brandon opens the Choucair academy page], Brandon login [Brandon clicks on boton que nos muestra el formulario para iniciar sesion, Brandon enters '1066751789' into donde escribimos el usuario, Brandon enters 'Choucair2021*' into donde escribimos la contraseÃ±a, Brandon clicks on boton confirmar login]], When una busqueda del curso Certified Data & Analytics Tester (CDAT) en la plataforma de la academia choucair [Brandon search [Brandon clicks on Selecciona certificaciones, Brandon enters 'Certified Data & Analytics Tester (CDAT)' into Buscar el curso, Brandon clicks on Click para buscar el curso, Brandon clicks on busca entre los resultados]], Then encuentra el curso llamado Certified Data & Analytics Tester (CDAT) [Then answer]]
[Test worker] WARN net.thucydides.core.steps.BaseStepListener - Final testOutcomes: [Buscar un curso en automatico:Given que Brandon quiere aprender automatizacion en la academia Choucair [Brandon open up [Brandon opens the Choucair academy page], Brandon login [Brandon clicks on boton que nos muestra el formulario para iniciar sesion, Brandon enters '1066751789' into donde escribimos el usuario, Brandon enters 'Choucair2021*' into donde escribimos la contraseÃ±a, Brandon clicks on boton confirmar login]], When una busqueda del curso Certified Data & Analytics Tester (CDAT) en la plataforma de la academia choucair [Brandon search [Brandon clicks on Selecciona certificaciones, Brandon enters 'Certified Data & Analytics Tester (CDAT)' into Buscar el curso, Brandon clicks on Click para buscar el curso, Brandon clicks on busca entre los resultados]], Then encuentra el curso llamado Certified Data & Analytics Tester (CDAT) [Then answer]]
[Test worker] INFO net.thucydides.core.steps.ConsoleLoggingListener - 
        __    _____ _____ ____ _____   ____   _    ____  ____  _____ ____  
  _     \ \  |_   _| ____/ ___|_   _| |  _ \ / \  / ___|/ ___|| ____|  _ \ 
 (_)_____| |   | | |  _| \___ \ | |   | |_) / _ \ \___ \\___ \|  _| | | | |
  _|_____| |   | | | |___ ___) || |   |  __/ ___ \ ___) |___) | |___| |_| |
 (_)     | |   |_| |_____|____/ |_|   |_| /_/   \_\____/|____/|_____|____/ 
        /_/                                                                

TEST PASSED: Buscar un curso en automatico
----------------------------------------------------------------------------
]]></system-err>
</testsuite>
