<?xml version="1.0" encoding="UTF-8"?>
<testsuite name="Academy Choucair" tests="1" skipped="0" failures="0" errors="0" timestamp="2021-11-21T10:12:54" hostname="luispc" time="49.417">
  <properties/>
  <testcase name="Buscar un curso en automatico" classname="Academy Choucair" time="49.417"/>
  <system-out><![CDATA[El valor de la var. ES: Certified Data & Analytics Tester (CDAT)
El valor de la var. *question* : Certified Data & Analytics Tester (CDAT)
]]></system-out>
  <system-err><![CDATA[[Test worker] WARN net.thucydides.core.steps.BaseStepListener - stepStarted: net.thucydides.core.steps.ExecutedStepDescription@5c51b555
[Test worker] WARN net.thucydides.core.steps.BaseStepListener - stepStarted: net.thucydides.core.steps.ExecutedStepDescription@36ba7dcf
[Test worker] WARN net.thucydides.core.steps.BaseStepListener - stepStarted: net.thucydides.core.steps.ExecutedStepDescription@5aed954f
nov 21, 2021 5:12:57 AM org.openqa.selenium.remote.DesiredCapabilities chrome
INFORMACIÓN: Using `new ChromeOptions()` is preferred to `DesiredCapabilities.chrome()`
[Test worker] INFO net.serenitybdd.core.webdriver.driverproviders.ProvideNewDriver - Instantiating driver
[Test worker] INFO net.serenitybdd.core.webdriver.driverproviders.ProvideNewDriver - Driver capabilities: Capabilities {acceptInsecureCerts: false, browserName: chrome, chrome.switches: --start-maximized, goog:chromeOptions: {args: [--start-maximized], extensions: []}, loggingPrefs: org.openqa.selenium.logging..., platform: ANY, version: }
Starting ChromeDriver 96.0.4664.45 (76e4c1bb2ab4671b8beba3444e61c0f17584b2fc-refs/branch-heads/4664@{#947}) on port 21961
Only local connections are allowed.
Please see https://chromedriver.chromium.org/security-considerations for suggestions on keeping ChromeDriver safe.
ChromeDriver was started successfully.
nov 21, 2021 5:13:03 AM org.openqa.selenium.remote.ProtocolHandshake createSession
INFORMACIÓN: Detected dialect: W3C
[Test worker] WARN net.thucydides.core.steps.BaseStepListener - stepFinished: current outcome:Buscar un curso en automatico:Given que Brandon quiere aprender automatizacion en la academia Choucair
| strUser | strPassword |
| 1066751789 | Choucair2021* | [Brandon open up [Brandon opens the Choucair academy page]]
[Test worker] WARN net.thucydides.core.steps.BaseStepListener - stepFinished: current outcome:Buscar un curso en automatico:Given que Brandon quiere aprender automatizacion en la academia Choucair
| strUser | strPassword |
| 1066751789 | Choucair2021* | [Brandon open up [Brandon opens the Choucair academy page]]
[Test worker] WARN net.thucydides.core.steps.BaseStepListener - stepStarted: net.thucydides.core.steps.ExecutedStepDescription@5d52749e
[Test worker] WARN net.thucydides.core.steps.BaseStepListener - stepStarted: net.thucydides.core.steps.ExecutedStepDescription@5443eb3e
[Test worker] WARN net.thucydides.core.steps.BaseStepListener - stepFinished: current outcome:Buscar un curso en automatico:Given que Brandon quiere aprender automatizacion en la academia Choucair
| strUser | strPassword |
| 1066751789 | Choucair2021* | [Brandon open up [Brandon opens the Choucair academy page], Brandon login [Brandon clicks on boton que nos muestra el formulario para iniciar sesion]]
[Test worker] WARN net.thucydides.core.steps.BaseStepListener - stepStarted: net.thucydides.core.steps.ExecutedStepDescription@3b9aa39b
[Test worker] WARN net.thucydides.core.steps.BaseStepListener - stepFinished: current outcome:Buscar un curso en automatico:Given que Brandon quiere aprender automatizacion en la academia Choucair
| strUser | strPassword |
| 1066751789 | Choucair2021* | [Brandon open up [Brandon opens the Choucair academy page], Brandon login [Brandon clicks on boton que nos muestra el formulario para iniciar sesion, Brandon enters '1066751789' into donde escribimos el usuario]]
[Test worker] WARN net.thucydides.core.steps.BaseStepListener - stepStarted: net.thucydides.core.steps.ExecutedStepDescription@12b36aac
[Test worker] WARN net.thucydides.core.steps.BaseStepListener - stepFinished: current outcome:Buscar un curso en automatico:Given que Brandon quiere aprender automatizacion en la academia Choucair
| strUser | strPassword |
| 1066751789 | Choucair2021* | [Brandon open up [Brandon opens the Choucair academy page], Brandon login [Brandon clicks on boton que nos muestra el formulario para iniciar sesion, Brandon enters '1066751789' into donde escribimos el usuario, Brandon enters 'Choucair2021*' into donde escribimos la contraseÃ±a]]
[Test worker] WARN net.thucydides.core.steps.BaseStepListener - stepStarted: net.thucydides.core.steps.ExecutedStepDescription@3f3f5925
[Test worker] WARN net.thucydides.core.steps.BaseStepListener - stepFinished: current outcome:Buscar un curso en automatico:Given que Brandon quiere aprender automatizacion en la academia Choucair
| strUser | strPassword |
| 1066751789 | Choucair2021* | [Brandon open up [Brandon opens the Choucair academy page], Brandon login [Brandon clicks on boton que nos muestra el formulario para iniciar sesion, Brandon enters '1066751789' into donde escribimos el usuario, Brandon enters 'Choucair2021*' into donde escribimos la contraseÃ±a, Brandon clicks on boton confirmar login]]
[Test worker] WARN net.thucydides.core.steps.BaseStepListener - stepFinished: current outcome:Buscar un curso en automatico:Given que Brandon quiere aprender automatizacion en la academia Choucair
| strUser | strPassword |
| 1066751789 | Choucair2021* | [Brandon open up [Brandon opens the Choucair academy page], Brandon login [Brandon clicks on boton que nos muestra el formulario para iniciar sesion, Brandon enters '1066751789' into donde escribimos el usuario, Brandon enters 'Choucair2021*' into donde escribimos la contraseÃ±a, Brandon clicks on boton confirmar login]]
[Test worker] WARN net.thucydides.core.steps.BaseStepListener - stepFinished: current outcome:Buscar un curso en automatico:Given que Brandon quiere aprender automatizacion en la academia Choucair
| strUser | strPassword |
| 1066751789 | Choucair2021* | [Brandon open up [Brandon opens the Choucair academy page], Brandon login [Brandon clicks on boton que nos muestra el formulario para iniciar sesion, Brandon enters '1066751789' into donde escribimos el usuario, Brandon enters 'Choucair2021*' into donde escribimos la contraseÃ±a, Brandon clicks on boton confirmar login]]
[Test worker] WARN net.thucydides.core.steps.BaseStepListener - stepStarted: net.thucydides.core.steps.ExecutedStepDescription@10149cf8
[Test worker] WARN net.thucydides.core.steps.BaseStepListener - stepStarted: net.thucydides.core.steps.ExecutedStepDescription@3835318e
[Test worker] WARN net.thucydides.core.steps.BaseStepListener - stepStarted: net.thucydides.core.steps.ExecutedStepDescription@12c2fcd0
[Test worker] WARN net.thucydides.core.steps.BaseStepListener - stepFinished: current outcome:Buscar un curso en automatico:Given que Brandon quiere aprender automatizacion en la academia Choucair
| strUser | strPassword |
| 1066751789 | Choucair2021* | [Brandon open up [Brandon opens the Choucair academy page], Brandon login [Brandon clicks on boton que nos muestra el formulario para iniciar sesion, Brandon enters '1066751789' into donde escribimos el usuario, Brandon enters 'Choucair2021*' into donde escribimos la contraseÃ±a, Brandon clicks on boton confirmar login]], When el busca un curso en la plataforma de la academia choucair
| strCourse |
| Certified Data & Analytics Tester (CDAT) | [Brandon search [Brandon clicks on Selecciona certificaciones]]
[Test worker] WARN net.thucydides.core.steps.BaseStepListener - stepStarted: net.thucydides.core.steps.ExecutedStepDescription@3287eff7
[Test worker] WARN net.thucydides.core.steps.BaseStepListener - stepFinished: current outcome:Buscar un curso en automatico:Given que Brandon quiere aprender automatizacion en la academia Choucair
| strUser | strPassword |
| 1066751789 | Choucair2021* | [Brandon open up [Brandon opens the Choucair academy page], Brandon login [Brandon clicks on boton que nos muestra el formulario para iniciar sesion, Brandon enters '1066751789' into donde escribimos el usuario, Brandon enters 'Choucair2021*' into donde escribimos la contraseÃ±a, Brandon clicks on boton confirmar login]], When el busca un curso en la plataforma de la academia choucair
| strCourse |
| Certified Data & Analytics Tester (CDAT) | [Brandon search [Brandon clicks on Selecciona certificaciones, Brandon enters 'Certified Data & Analytics Tester (CDAT)' into Buscar el curso]]
[Test worker] WARN net.thucydides.core.steps.BaseStepListener - stepStarted: net.thucydides.core.steps.ExecutedStepDescription@19f21bb3
[Test worker] WARN net.thucydides.core.steps.BaseStepListener - stepFinished: current outcome:Buscar un curso en automatico:Given que Brandon quiere aprender automatizacion en la academia Choucair
| strUser | strPassword |
| 1066751789 | Choucair2021* | [Brandon open up [Brandon opens the Choucair academy page], Brandon login [Brandon clicks on boton que nos muestra el formulario para iniciar sesion, Brandon enters '1066751789' into donde escribimos el usuario, Brandon enters 'Choucair2021*' into donde escribimos la contraseÃ±a, Brandon clicks on boton confirmar login]], When el busca un curso en la plataforma de la academia choucair
| strCourse |
| Certified Data & Analytics Tester (CDAT) | [Brandon search [Brandon clicks on Selecciona certificaciones, Brandon enters 'Certified Data & Analytics Tester (CDAT)' into Buscar el curso, Brandon clicks on Click para buscar el curso]]
[Test worker] WARN net.thucydides.core.steps.BaseStepListener - stepStarted: net.thucydides.core.steps.ExecutedStepDescription@6576a0a7
[Test worker] WARN net.thucydides.core.steps.BaseStepListener - stepFinished: current outcome:Buscar un curso en automatico:Given que Brandon quiere aprender automatizacion en la academia Choucair
| strUser | strPassword |
| 1066751789 | Choucair2021* | [Brandon open up [Brandon opens the Choucair academy page], Brandon login [Brandon clicks on boton que nos muestra el formulario para iniciar sesion, Brandon enters '1066751789' into donde escribimos el usuario, Brandon enters 'Choucair2021*' into donde escribimos la contraseÃ±a, Brandon clicks on boton confirmar login]], When el busca un curso en la plataforma de la academia choucair
| strCourse |
| Certified Data & Analytics Tester (CDAT) | [Brandon search [Brandon clicks on Selecciona certificaciones, Brandon enters 'Certified Data & Analytics Tester (CDAT)' into Buscar el curso, Brandon clicks on Click para buscar el curso, Brandon clicks on busca entre los resultados]]
[Test worker] WARN net.thucydides.core.steps.BaseStepListener - stepFinished: current outcome:Buscar un curso en automatico:Given que Brandon quiere aprender automatizacion en la academia Choucair
| strUser | strPassword |
| 1066751789 | Choucair2021* | [Brandon open up [Brandon opens the Choucair academy page], Brandon login [Brandon clicks on boton que nos muestra el formulario para iniciar sesion, Brandon enters '1066751789' into donde escribimos el usuario, Brandon enters 'Choucair2021*' into donde escribimos la contraseÃ±a, Brandon clicks on boton confirmar login]], When el busca un curso en la plataforma de la academia choucair
| strCourse |
| Certified Data & Analytics Tester (CDAT) | [Brandon search [Brandon clicks on Selecciona certificaciones, Brandon enters 'Certified Data & Analytics Tester (CDAT)' into Buscar el curso, Brandon clicks on Click para buscar el curso, Brandon clicks on busca entre los resultados]]
[Test worker] WARN net.thucydides.core.steps.BaseStepListener - stepFinished: current outcome:Buscar un curso en automatico:Given que Brandon quiere aprender automatizacion en la academia Choucair
| strUser | strPassword |
| 1066751789 | Choucair2021* | [Brandon open up [Brandon opens the Choucair academy page], Brandon login [Brandon clicks on boton que nos muestra el formulario para iniciar sesion, Brandon enters '1066751789' into donde escribimos el usuario, Brandon enters 'Choucair2021*' into donde escribimos la contraseÃ±a, Brandon clicks on boton confirmar login]], When el busca un curso en la plataforma de la academia choucair
| strCourse |
| Certified Data & Analytics Tester (CDAT) | [Brandon search [Brandon clicks on Selecciona certificaciones, Brandon enters 'Certified Data & Analytics Tester (CDAT)' into Buscar el curso, Brandon clicks on Click para buscar el curso, Brandon clicks on busca entre los resultados]]
[Test worker] WARN net.thucydides.core.steps.BaseStepListener - stepStarted: net.thucydides.core.steps.ExecutedStepDescription@7827086f
[Test worker] WARN net.thucydides.core.steps.BaseStepListener - stepStarted: net.thucydides.core.steps.ExecutedStepDescription@5275027d
[Test worker] WARN net.thucydides.core.steps.BaseStepListener - stepFinished: current outcome:Buscar un curso en automatico:Given que Brandon quiere aprender automatizacion en la academia Choucair
| strUser | strPassword |
| 1066751789 | Choucair2021* | [Brandon open up [Brandon opens the Choucair academy page], Brandon login [Brandon clicks on boton que nos muestra el formulario para iniciar sesion, Brandon enters '1066751789' into donde escribimos el usuario, Brandon enters 'Choucair2021*' into donde escribimos la contraseÃ±a, Brandon clicks on boton confirmar login]], When el busca un curso en la plataforma de la academia choucair
| strCourse |
| Certified Data & Analytics Tester (CDAT) | [Brandon search [Brandon clicks on Selecciona certificaciones, Brandon enters 'Certified Data & Analytics Tester (CDAT)' into Buscar el curso, Brandon clicks on Click para buscar el curso, Brandon clicks on busca entre los resultados]], Then encuentra el curso llamado
| strCourse |
| Certified Data & Analytics Tester (CDAT) | [Then answer]
[Test worker] WARN net.thucydides.core.steps.BaseStepListener - stepFinished: current outcome:Buscar un curso en automatico:Given que Brandon quiere aprender automatizacion en la academia Choucair
| strUser | strPassword |
| 1066751789 | Choucair2021* | [Brandon open up [Brandon opens the Choucair academy page], Brandon login [Brandon clicks on boton que nos muestra el formulario para iniciar sesion, Brandon enters '1066751789' into donde escribimos el usuario, Brandon enters 'Choucair2021*' into donde escribimos la contraseÃ±a, Brandon clicks on boton confirmar login]], When el busca un curso en la plataforma de la academia choucair
| strCourse |
| Certified Data & Analytics Tester (CDAT) | [Brandon search [Brandon clicks on Selecciona certificaciones, Brandon enters 'Certified Data & Analytics Tester (CDAT)' into Buscar el curso, Brandon clicks on Click para buscar el curso, Brandon clicks on busca entre los resultados]], Then encuentra el curso llamado
| strCourse |
| Certified Data & Analytics Tester (CDAT) | [Then answer]
[Test worker] WARN net.thucydides.core.steps.BaseStepListener - testFinished: Buscar un curso en automatico:Given que Brandon quiere aprender automatizacion en la academia Choucair
| strUser | strPassword |
| 1066751789 | Choucair2021* | [Brandon open up [Brandon opens the Choucair academy page], Brandon login [Brandon clicks on boton que nos muestra el formulario para iniciar sesion, Brandon enters '1066751789' into donde escribimos el usuario, Brandon enters 'Choucair2021*' into donde escribimos la contraseÃ±a, Brandon clicks on boton confirmar login]], When el busca un curso en la plataforma de la academia choucair
| strCourse |
| Certified Data & Analytics Tester (CDAT) | [Brandon search [Brandon clicks on Selecciona certificaciones, Brandon enters 'Certified Data & Analytics Tester (CDAT)' into Buscar el curso, Brandon clicks on Click para buscar el curso, Brandon clicks on busca entre los resultados]], Then encuentra el curso llamado
| strCourse |
| Certified Data & Analytics Tester (CDAT) | [Then answer]
[Test worker] WARN net.thucydides.core.steps.BaseStepListener - TestOutcomes: [Buscar un curso en automatico:Given que Brandon quiere aprender automatizacion en la academia Choucair
| strUser | strPassword |
| 1066751789 | Choucair2021* | [Brandon open up [Brandon opens the Choucair academy page], Brandon login [Brandon clicks on boton que nos muestra el formulario para iniciar sesion, Brandon enters '1066751789' into donde escribimos el usuario, Brandon enters 'Choucair2021*' into donde escribimos la contraseÃ±a, Brandon clicks on boton confirmar login]], When el busca un curso en la plataforma de la academia choucair
| strCourse |
| Certified Data & Analytics Tester (CDAT) | [Brandon search [Brandon clicks on Selecciona certificaciones, Brandon enters 'Certified Data & Analytics Tester (CDAT)' into Buscar el curso, Brandon clicks on Click para buscar el curso, Brandon clicks on busca entre los resultados]], Then encuentra el curso llamado
| strCourse |
| Certified Data & Analytics Tester (CDAT) | [Then answer]]
[Test worker] WARN net.thucydides.core.steps.BaseStepListener - Final testOutcomes: [Buscar un curso en automatico:Given que Brandon quiere aprender automatizacion en la academia Choucair
| strUser | strPassword |
| 1066751789 | Choucair2021* | [Brandon open up [Brandon opens the Choucair academy page], Brandon login [Brandon clicks on boton que nos muestra el formulario para iniciar sesion, Brandon enters '1066751789' into donde escribimos el usuario, Brandon enters 'Choucair2021*' into donde escribimos la contraseÃ±a, Brandon clicks on boton confirmar login]], When el busca un curso en la plataforma de la academia choucair
| strCourse |
| Certified Data & Analytics Tester (CDAT) | [Brandon search [Brandon clicks on Selecciona certificaciones, Brandon enters 'Certified Data & Analytics Tester (CDAT)' into Buscar el curso, Brandon clicks on Click para buscar el curso, Brandon clicks on busca entre los resultados]], Then encuentra el curso llamado
| strCourse |
| Certified Data & Analytics Tester (CDAT) | [Then answer]]
[Test worker] INFO net.thucydides.core.steps.ConsoleLoggingListener - 
        __    _____ _____ ____ _____   ____   _    ____  ____  _____ ____  
  _     \ \  |_   _| ____/ ___|_   _| |  _ \ / \  / ___|/ ___|| ____|  _ \ 
 (_)_____| |   | | |  _| \___ \ | |   | |_) / _ \ \___ \\___ \|  _| | | | |
  _|_____| |   | | | |___ ___) || |   |  __/ ___ \ ___) |___) | |___| |_| |
 (_)     | |   |_| |_____|____/ |_|   |_| /_/   \_\____/|____/|_____|____/ 
        /_/                                                                

TEST PASSED: Buscar un curso en automatico
----------------------------------------------------------------------------
]]></system-err>
</testsuite>
